android_core_components/build/outputs/logs/manifest-merger-release-report.txt
-- Merging decision tree log ---
manifest
ADDED from android_core-kinetic/android_core_components/AndroidManifest.xml:2:1-34:12
INJECTED from android_core-kinetic/android_core_components/AndroidManifest.xml:2:1-34:12
INJECTED from android_core-kinetic/android_core_components/AndroidManifest.xml:2:1-34:12
INJECTED from android_core-kinetic/android_core_components/AndroidManifest.xml:2:1-34:12
INJECTED from android_core-kinetic/android_core_components/AndroidManifest.xml:2:1-34:12
INJECTED from android_core-kinetic/android_core_components/AndroidManifest.xml:2:1-34:12
INJECTED from android_core-kinetic/android_core_components/AndroidManifest.xml:2:1-34:12
	package
		ADDED from android_core-kinetic/android_core_components/AndroidManifest.xml:4:5-54
		INJECTED from android_core-kinetic/android_core_components/AndroidManifest.xml
		INJECTED from android_core-kinetic/android_core_components/AndroidManifest.xml
	android:versionName
		INJECTED from android_core-kinetic/android_core_components/AndroidManifest.xml
		ADDED from android_core-kinetic/android_core_components/AndroidManifest.xml:2:1-34:12
		INJECTED from android_core-kinetic/android_core_components/AndroidManifest.xml
	xmlns:tools
		ADDED from android_core-kinetic/android_core_components/AndroidManifest.xml:3:5-51
	android:versionCode
		INJECTED from android_core-kinetic/android_core_components/AndroidManifest.xml
		ADDED from android_core-kinetic/android_core_components/AndroidManifest.xml:2:1-34:12
		INJECTED from android_core-kinetic/android_core_components/AndroidManifest.xml
	xmlns:android
		ADDED from android_core-kinetic/android_core_components/AndroidManifest.xml:2:11-69
application
ADDED from android_core-kinetic/android_core_components/AndroidManifest.xml:7:5-23:19
	android:label
		ADDED from android_core-kinetic/android_core_components/AndroidManifest.xml:9:9-41
	android:icon
		ADDED from android_core-kinetic/android_core_components/AndroidManifest.xml:8:9-36
activity#org.ros.android.MasterChooser
ADDED from android_core-kinetic/android_core_components/AndroidManifest.xml:10:9-14:54
	android:label
		ADDED from android_core-kinetic/android_core_components/AndroidManifest.xml:12:13-45
	android:launchMode
		ADDED from android_core-kinetic/android_core_components/AndroidManifest.xml:13:13-42
	android:theme
		ADDED from android_core-kinetic/android_core_components/AndroidManifest.xml:14:13-51
	android:name
		ADDED from android_core-kinetic/android_core_components/AndroidManifest.xml:11:13-57
service#org.ros.android.NodeMainExecutorService
ADDED from android_core-kinetic/android_core_components/AndroidManifest.xml:16:9-22:19
	tools:ignore
		ADDED from android_core-kinetic/android_core_components/AndroidManifest.xml:18:13-43
	android:name
		ADDED from android_core-kinetic/android_core_components/AndroidManifest.xml:17:13-67
intent-filter#action:name:org.ros.android.NodeMainExecutorService
ADDED from android_core-kinetic/android_core_components/AndroidManifest.xml:19:13-21:29
action#org.ros.android.NodeMainExecutorService
ADDED from android_core-kinetic/android_core_components/AndroidManifest.xml:20:17-82
	android:name
		ADDED from android_core-kinetic/android_core_components/AndroidManifest.xml:20:25-79
uses-permission#android.permission.ACCESS_WIFI_STATE
ADDED from android_core-kinetic/android_core_components/AndroidManifest.xml:25:5-76
	android:name
		ADDED from android_core-kinetic/android_core_components/AndroidManifest.xml:25:22-73
uses-permission#android.permission.CHANGE_WIFI_STATE
ADDED from android_core-kinetic/android_core_components/AndroidManifest.xml:26:5-76
	android:name
		ADDED from android_core-kinetic/android_core_components/AndroidManifest.xml:26:22-73
uses-permission#android.permission.WAKE_LOCK
ADDED from android_core-kinetic/android_core_components/AndroidManifest.xml:27:5-68
	android:name
		ADDED from android_core-kinetic/android_core_components/AndroidManifest.xml:27:22-65
uses-permission#android.permission.SYSTEM_ALERT_WINDOW
ADDED from android_core-kinetic/android_core_components/AndroidManifest.xml:28:5-78
	android:name
		ADDED from android_core-kinetic/android_core_components/AndroidManifest.xml:28:22-75
uses-permission#android.permission.FOREGROUND_SERVICE
ADDED from android_core-kinetic/android_core_components/AndroidManifest.xml:29:5-77
	android:name
		ADDED from android_core-kinetic/android_core_components/AndroidManifest.xml:29:22-74
uses-permission#android.permission.WRITE_EXTERNAL_STORAGE
ADDED from android_core-kinetic/android_core_components/AndroidManifest.xml:31:5-81
	android:name
		ADDED from android_core-kinetic/android_core_components/AndroidManifest.xml:31:22-78
uses-permission#android.permission.READ_EXTERNAL_STORAGE
ADDED from android_core-kinetic/android_core_components/AndroidManifest.xml:32:5-80
	android:name
		ADDED from android_core-kinetic/android_core_components/AndroidManifest.xml:32:22-77
uses-sdk
INJECTED from android_core-kinetic/android_core_components/AndroidManifest.xml reason: use-sdk injection requested
INJECTED from android_core-kinetic/android_core_components/AndroidManifest.xml
INJECTED from android_core-kinetic/android_core_components/AndroidManifest.xml
INJECTED from android_core-kinetic/android_core_components/AndroidManifest.xml
INJECTED from android_core-kinetic/android_core_components/AndroidManifest.xml
	android:targetSdkVersion
		INJECTED from android_core-kinetic/android_core_components/AndroidManifest.xml
		ADDED from android_core-kinetic/android_core_components/AndroidManifest.xml
		INJECTED from android_core-kinetic/android_core_components/AndroidManifest.xml
	android:minSdkVersion
		INJECTED from android_core-kinetic/android_core_components/AndroidManifest.xml
		ADDED from android_core-kinetic/android_core_components/AndroidManifest.xml
		INJECTED from android_core-kinetic/android_core_components/AndroidManifest.xml